Best Roots  : 6
Worst Roots : 1 2 5
Best Roots  : 6 13
Worst Roots : 2 11
Best Roots  : 2 6
Worst Roots : 1 4 5
Best Roots  : 2
Worst Roots : 1 3
Best Roots  : 3 10
Worst Roots : 1 12 13 14
Best Roots  : 1 3
Worst Roots : 2 4
Best Roots  : 3
Worst Roots : 1 2 8
Best Roots  : 5 6
Worst Roots : 1 2 8 10 13
Best Roots  : 2 3
Worst Roots : 1 4
Best Roots  : 1 15
Worst Roots : 8 13 17
Best Roots  : 6
Worst Roots : 2 10 12
Best Roots  : 3
Worst Roots : 4 5 7
Best Roots  : 12 14
Worst Roots : 4 8 11
Best Roots  : 2
Worst Roots : 3 4 5 6 8
Best Roots  : 2
Worst Roots : 1 3 6
Best Roots  : 3 8
Worst Roots : 1 4 6 9
Best Roots  : 2
Worst Roots : 1 3 4
Best Roots  : 5 12
Worst Roots : 1 3 8 15
Best Roots  : 1
Worst Roots : 2 4 5 8 10
Best Roots  : 1
Worst Roots : 3 5 10 12 15 18 19
Best Roots  : 20
Worst Roots : 2 13 14 15
Best Roots  : 1 6
Worst Roots : 5 8 10
Best Roots  : 1 18
Worst Roots : 3 9 14
Best Roots  : 6 13
Worst Roots : 1 7 10 14
Best Roots  : 5
Worst Roots : 13 16 18
Best Roots  : 13
Worst Roots : 16 18
Best Roots  : 17
Worst Roots : 2 4 12 13 16
Best Roots  : 1
Worst Roots : 9 15
Best Roots  : 1 4
Worst Roots : 3 6 7 8
Best Roots  : 4 13
Worst Roots : 7 9 17
Best Roots  : 11 12
Worst Roots : 6 10
Best Roots  : 4 8
Worst Roots : 6 20
Best Roots  : 3 4
Worst Roots : 1 2
Best Roots  : 12 21
Worst Roots : 3 6 7 10 13
Best Roots  : 5 9
Worst Roots : 2 6 7
Best Roots  : 2 6
Worst Roots : 1 4 7
Best Roots  : 5
Worst Roots : 2 3
Best Roots  : 12
Worst Roots : 1 3 10
Best Roots  : 5 7
Worst Roots : 1 2 3 4 6 8
Best Roots  : 1 3
Worst Roots : 2 4 5
Best Roots  : 1 7
Worst Roots : 5 9
Best Roots  : 2 6
Worst Roots : 1 5
Best Roots  : 8
Worst Roots : 3 7 9 11 12
Best Roots  : 11
Worst Roots : 7 10
Best Roots  : 8
Worst Roots : 1 3 4 7
Best Roots  : 7 10
Worst Roots : 2 4 8 13 14
Best Roots  : 2
Worst Roots : 4 6 10
Best Roots  : 3
Worst Roots : 7 11
Best Roots  : 11 13
Worst Roots : 2 3 16 17
Best Roots  : 7 18
Worst Roots : 2 10 12 14
Best Roots  : 9 14
Worst Roots : 1 4
Best Roots  : 6 9
Worst Roots : 2 4 8
Best Roots  : 2 11
Worst Roots : 1 4 5
Best Roots  : 4
Worst Roots : 2 5 6 7 14
Best Roots  : 16
Worst Roots : 5 10
Best Roots  : 2 3
Worst Roots : 1 4 5 6
Best Roots  : 19
Worst Roots : 4 5
Best Roots  : 3 4
Worst Roots : 1 2 5 6
Best Roots  : 7
Worst Roots : 11 19 20
Best Roots  : 8
Worst Roots : 1 4 14
Best Roots  : 8
Worst Roots : 7 11
Best Roots  : 9 10
Worst Roots : 2 4
Best Roots  : 11 22
Worst Roots : 1 2 6 8 12 13 15 19 20
Best Roots  : 5 7
Worst Roots : 1 2 4 8
Best Roots  : 12
Worst Roots : 1 3 4 5 9 10 11
Best Roots  : 6
Worst Roots : 1 7 15 16 19
Best Roots  : 4
Worst Roots : 2 3 5 9
Best Roots  : 5
Worst Roots : 1 4
Best Roots  : 2 21
Worst Roots : 4 7 13 14
Best Roots  : 3 9
Worst Roots : 10 14 16
Best Roots  : 6 10
Worst Roots : 1 2 14
Best Roots  : 11
Worst Roots : 4 5 13 14
Best Roots  : 18
Worst Roots : 11 13 16 19 22
Best Roots  : 12
Worst Roots : 1 4 5 13 15
Best Roots  : 4 10
Worst Roots : 6 8 11 13 14 15 18
Best Roots  : 2 3
Worst Roots : 1 4 5 6
Best Roots  : 5
Worst Roots : 3 6 13
Best Roots  : 1 9
Worst Roots : 3 4 6 7 11 13
Best Roots  : 6 14
Worst Roots : 2 8 9 11
Best Roots  : 5 10
Worst Roots : 3 4
Best Roots  : 5 7
Worst Roots : 1 3 4 8 9
Best Roots  : 4
Worst Roots : 2 3 6 7 8
Best Roots  : 1 2
Worst Roots : 3 4 5 6
Best Roots  : 4
Worst Roots : 2 3
Best Roots  : 12
Worst Roots : 2 6 8 10 15 17
Best Roots  : 2
Worst Roots : 1 4 6 8 9 11 14
Best Roots  : 2 7
Worst Roots : 1 3 4 5 6
Best Roots  : 2 4
Worst Roots : 1 3
Best Roots  : 4 5
Worst Roots : 3 7
Best Roots  : 7
Worst Roots : 3 4 5 6 9 12
Best Roots  : 3 11
Worst Roots : 6 10
Best Roots  : 10 12
Worst Roots : 4 11
Best Roots  : 2
Worst Roots : 7 8
Best Roots  : 9
Worst Roots : 1 5 8 15
Best Roots  : 2 13
Worst Roots : 5 8 9 15
Best Roots  : 6 15
Worst Roots : 3 8 13
Best Roots  : 17
Worst Roots : 4 11 13
Best Roots  : 16
Worst Roots : 2 3 12 17 19
Best Roots  : 3 6
Worst Roots : 1 2
Best Roots  : 13
Worst Roots : 3 14
